<?xml version="1.0" encoding="UTF-8"?>
<!-- Generated by org.testng.reporters.JUnitReportReporter -->
<testsuite hostname="DESKTOP-4VT63TV" failures="0" tests="2" name="Tests.BookApplication" time="5.028" errors="0" timestamp="27 Aug 2025 16:54:02 GMT" skipped="0">
  <testcase classname="Tests.BookApplication" name="LoginTest" time="2.390"/>
  <testcase classname="Tests.BookApplication" name="LoginTest" time="2.638"/>
</testsuite> <!-- Tests.BookApplication -->
