<?xml version="1.0" encoding="UTF-8"?>
<!-- Generated by org.testng.reporters.JUnitReportReporter -->
<testsuite hostname="DESKTOP-4VT63TV" failures="0" tests="4" name="Tests.SampleTest" time="0.032" errors="0" timestamp="26 Aug 2025 05:02:31 GMT" skipped="0">
  <testcase classname="Tests.SampleTest" name="test1" time="0.004"/>
  <testcase classname="Tests.SampleTest" name="test1" time="0.019"/>
  <testcase classname="Tests.SampleTest" name="test3" time="0.005"/>
  <testcase classname="Tests.SampleTest" name="test2" time="0.004"/>
</testsuite> <!-- Tests.SampleTest -->
